<?xml version="1.0" encoding="UTF-8"?>
<!-- Generated by org.testng.reporters.JUnitReportReporter -->
<testsuite hostname="U6023257-TPL-A" name="example.NewTest" tests="1" failures="0" timestamp="6 Jul 2019 11:19:27 GMT" time="5.649" errors="0">
  <testcase name="testEasy" time="5.649" classname="example.NewTest"/>
</testsuite> <!-- example.NewTest -->
